<?xml version="1.0" encoding="UTF-8"?>
<coverage line-rate="0.5" branch-rate="0" version="2.0">
  <packages>
    <package name="src" line-rate="0.5">
      <classes>
        <class name="mod" filename="src/mod.py" line-rate="0.5" complexity="5">
          <methods>
            <method name="fn_watch" signature="(i)I" line-rate="0.5" complexity="5">
              <lines>
                <line number="1" hits="1"/>
                <line number="2" hits="1"/>
                <line number="3" hits="1"/>
                <line number="4" hits="0"/>
                <line number="5" hits="0"/>
                <line number="6" hits="0"/>
                <line number="7" hits="0"/>
                <line number="8" hits="0"/>
                <line number="9" hits="0"/>
                <line number="10" hits="1"/>
              </lines>
            </method>
          </methods>
          <lines>
            <line number="1" hits="1"/>
            <line number="10" hits="1"/>
          </lines>
        </class>
      </classes>
    </package>
  </packages>
</coverage>
