============================= test session starts ==============================
platform darwin -- Python 3.14.6, pytest-9.0.3, pluggy-1.6.0
Using --randomly-seed=3487019023
rootdir: /Users/alex/Documents/code/sevn.bot/mergecraft-analyzer-catalog
configfile: pyproject.toml
plugins: randomly-3.16.0, cov-6.0.0, anyio-4.11.0, xdist-3.8.0, split-0.11.0, asyncio-1.3.0
asyncio: mode=Mode.AUTO, debug=False, asyncio_default_fixture_loop_scope=None, asyncio_default_test_loop_scope=function
collected 293 items

tests/analyzers/test_adapters_github.py ........                         [  2%]
tests/analyzers/test_budget.py .....                                     [  4%]
tests/analyzers/test_adapters_pattern.py .....                           [  6%]
tests/analyzers/test_resolve.py ....                                     [  7%]
tests/analyzers/test_provision.py ....                                   [  8%]
tests/analyzers/parsers/test_sarif.py ......                             [ 10%]
tests/analyzers/test_finding.py .........                                [ 13%]
tests/analyzers/test_redaction.py ...................................... [ 26%]
........................................................................ [ 51%]
..............................................................           [ 72%]
tests/analyzers/test_registry.py .....                                   [ 74%]
tests/analyzers/test_adapters_supply_chain.py ........                   [ 77%]
tests/analyzers/test_sandbox.py .....                                    [ 78%]
tests/analyzers/test_adapters_contract.py ......                         [ 80%]
tests/analyzers/test_agentsec.py ....                                    [ 82%]
tests/analyzers/test_adapters_language.py ..................             [ 88%]
tests/analyzers/parsers/test_native.py ...                               [ 89%]
tests/analyzers/test_scope.py .....                                      [ 91%]
tests/analyzers/test_catalog_docs.py .....                               [ 92%]
tests/analyzers/test_trust.py .......                                    [ 95%]
tests/analyzers/test_manifest.py ...........                             [ 98%]
tests/analyzers/test_cluster.py ...                                      [100%]

======================= 293 passed in 267.44s (0:04:27) ========================
