{
  "meta": {
    "format": 3,
    "version": "7.6.0",
    "branch_coverage": false,
    "show_contexts": false
  },
  "files": {
    "src/mod.py": {
      "executed_lines": [],
      "missing_lines": [1, 2, 3, 4, 5, 6, 7, 8],
      "excluded_lines": [],
      "summary": {
        "covered_lines": 0,
        "num_statements": 8,
        "percent_covered": 0.0,
        "missing_lines": 8,
        "excluded_lines": 0
      },
      "functions": {
        "fn_elevated": {
          "executed_count": 0,
          "start_line": 1,
          "executed_lines": [],
          "missing_lines": [1, 2, 3, 4, 5, 6, 7, 8],
          "summary": {
            "covered_lines": 0,
            "num_statements": 8,
            "percent_covered": 0.0,
            "missing_lines": 8,
            "excluded_lines": 0
          }
        }
      }
    }
  },
  "totals": {
    "covered_lines": 0,
    "num_statements": 8,
    "percent_covered": 0.0
  }
}
