{
  "meta": {
    "format": 3,
    "version": "7.6.0",
    "branch_coverage": false,
    "show_contexts": false
  },
  "files": {
    "src/unresolvable.py": {
      "executed_lines": [1],
      "missing_lines": [],
      "excluded_lines": [],
      "summary": {
        "covered_lines": 1,
        "num_statements": 1,
        "percent_covered": 100.0,
        "missing_lines": 0,
        "excluded_lines": 0
      },
      "functions": {}
    }
  },
  "totals": {
    "covered_lines": 1,
    "num_statements": 1,
    "percent_covered": 100.0
  }
}
